active participant: {1794,1868,2148,3826,4034,4824,6782,7192,9503,10206}[10]
Working on A_size = 10, round = 1, k = 10
 Seed set using degree: {175,232,393,445,448,644,666,738,1225,2520,3197,3406,3525,3560,4373,4651,4668,4707,4838,4983,4996,5258,5624,6872,7097,7372,7805,8156,8323,8858,9525,9797,9918}[33]
 Seed set using pagerank: {175,232,393,445,448,644,666,738,1225,2520,3197,3406,3525,3560,4373,4651,4707,4838,4983,4996,5624,6872,6958,7097,7372,7805,8156,8323,8858,9187,9357,9797,9918}[33]
 Seed set using CELF: {175,232,393,445,448,644,666,738,1008,1225,1463,1823,2091,2520,3197,3338,3525,3560,3606,3829,4373,4651,4707,4838,4996,5449,6072,6633,6752,6958,7097,7111,7805,8156,8269,8323,8858,9187,9357,9797,9918}[41]
 Seed set using ADVANCED degree: {127,175,232,268,393,445,448,586,644,666,738,1008,1225,1326,2084,2227,2240,2326,2357,2368,2520,2621,2637,2785,2860,2998,3055,3121,3197,3257,3261,3322,3338,3406,3525,3560,3607,3829,3857,3907,4373,4406,4489,4495,4506,4651,4668,4707,4838,4930,4983,4996,5151,5240,5258,5449,5624,5680,5704,5905,6034,6072,6316,6727,6872,6949,6958,6976,7097,7111,7195,7372,7532,7632,7805,7988,8156,8269,8301,8323,8470,8524,8774,8858,9171,9187,9357,9419,9525,9797,9843,9918}[92]
 Seed set using ADVANCED pagerank: {175,232,268,393,445,448,644,666,738,1008,1225,1326,1412,1442,1886,2084,2091,2227,2240,2357,2520,2621,2637,2774,2785,2860,2998,3055,3121,3197,3257,3261,3322,3338,3385,3406,3525,3559,3560,3607,3829,3857,4373,4403,4489,4495,4651,4668,4707,4838,4930,4983,4996,5151,5240,5258,5449,5624,5680,5704,5905,6034,6072,6316,6372,6727,6872,6949,6958,6976,7097,7111,7372,7532,7632,7805,7988,8156,8233,8269,8301,8323,8470,8524,8774,8858,9187,9357,9525,9797,9843,9918}[92]
 Seed set using ADVANCED CELF: {175,232,268,445,448,644,666,738,866,1008,1225,1442,1463,1823,1886,2091,2227,2357,2368,2520,2650,2860,2976,2998,3197,3257,3261,3338,3406,3488,3525,3559,3560,3606,3607,3829,3857,3907,4025,4373,4406,4489,4649,4651,4668,4707,4838,4983,4996,5049,5135,5198,5240,5419,5449,5624,5704,5905,6072,6316,6633,6727,6752,6872,6931,6958,7097,7111,7261,7372,7532,7632,7805,7921,7988,8156,8269,8301,8323,8858,9104,9171,9187,9357,9419,9464,9525,9652,9797,9918,10214,10296}[92]
active participant: {195,1553,5573,5745,6252,7064,7780,8636,8642,9328}[10]
Working on A_size = 10, round = 2, k = 10
 Seed set using degree: {175,232,268,393,448,644,666,738,1008,1225,1326,1931,2474,3121,3197,3239,3322,3338,3525,3560,3829,4373,4572,4651,4668,4671,4707,4838,4983,4996,5258,5322,5385,5465,5704,6029,6056,6140,6162,6747,6872,7097,7191,7372,7719,7793,7988,8028,8156,8269,8774,8858,9031,9187,9202,9422,9831,9904,9918}[59]
 Seed set using pagerank: {175,232,268,393,448,644,666,738,1008,1225,1326,1931,2474,3121,3197,3239,3322,3338,3525,3560,4373,4572,4651,4668,4671,4707,4838,4983,4996,5258,5322,5385,5465,5704,6029,6056,6140,6162,6747,6872,7097,7191,7372,7719,7793,7988,8028,8156,8269,8774,8858,9031,9187,9202,9422,9831,9904,9918}[58]
 Seed set using CELF: {175,232,393,448,644,738,864,1008,1225,1463,1823,1931,2368,2474,3121,3197,3239,3322,3338,3525,3560,3829,4373,4651,4671,4838,4983,4996,5258,5322,5385,5704,6029,6056,6140,6162,6747,7042,7097,7120,7191,7372,7719,7793,7988,8028,8156,8269,8774,8858,9031,9187,9202,9422,9831,9904,9918,10270}[58]
 Seed set using ADVANCED degree: {175,232,268,393,448,644,666,738,1008,1225,1326,1680,1931,2368,2442,2474,2621,2689,2785,3055,3121,3197,3239,3322,3338,3525,3560,3829,4373,4518,4572,4651,4668,4671,4707,4838,4930,4983,4996,5151,5185,5258,5322,5385,5465,5624,5631,5704,5788,5905,6029,6056,6140,6162,6747,6872,6958,7097,7120,7191,7372,7719,7793,7988,8028,8156,8233,8269,8774,8858,9031,9187,9202,9357,9422,9525,9831,9904,9918}[79]
 Seed set using ADVANCED pagerank: {175,232,268,393,448,644,666,738,1008,1225,1326,1680,1931,2368,2474,2621,2785,3055,3121,3197,3239,3322,3338,3525,3560,3829,4373,4518,4572,4651,4668,4671,4707,4838,4930,4983,4996,5151,5185,5258,5322,5385,5465,5631,5704,5788,5905,6029,6056,6140,6162,6747,6872,6958,7097,7120,7191,7372,7719,7793,7988,8028,8156,8233,8269,8475,8774,8858,9031,9187,9202,9357,9422,9525,9831,9904,9918}[77]
 Seed set using ADVANCED CELF: {175,232,393,448,459,644,666,738,864,1008,1225,1442,1463,1823,1931,2368,2474,2621,3121,3197,3239,3322,3338,3525,3560,3829,4373,4403,4406,4651,4668,4671,4707,4838,4983,4996,5258,5322,5385,5704,6029,6056,6072,6140,6162,6663,6747,6958,7042,7097,7120,7143,7191,7372,7719,7793,7894,7988,8028,8156,8233,8269,8475,8735,8774,8858,9031,9171,9187,9202,9357,9422,9831,9904,9918,10139,10270}[77]
active participant: {3343,3616,5937,6286,7010,7634,7677,7694,7786,9894}[10]
Working on A_size = 10, round = 3, k = 10
 Seed set using degree: {154,175,232,445,448,644,738,1225,1272,1931,2368,2520,2998,3197,3261,3406,3525,3560,3607,4373,4668,4707,4838,4983,4996,5240,5258,5680,5704,6140,6872,7097,7372,7805,7988,8156,8169,8269,8524,8858,9187,9357,9422,9525,9918}[45]
 Seed set using pagerank: {154,175,232,445,448,644,738,1225,1272,1931,2368,2520,2998,3197,3261,3406,3525,3560,3607,4373,4668,4707,4838,4983,4996,5240,5258,5680,5704,6140,6872,7097,7372,7805,7988,8156,8169,8269,8524,8858,9187,9357,9422,9525,9918}[45]
 Seed set using CELF: {154,175,232,445,448,644,738,1008,1225,1886,1931,2368,2520,2998,3197,3525,3560,3829,4373,4651,4668,4707,4838,4983,4996,5240,5449,5704,6140,6958,7097,7323,7372,7805,7988,8156,8169,8269,8858,8867,8910,9152,9187,9419,9422,9525,9918,10268,10270}[49]
 Seed set using ADVANCED degree: {154,175,232,445,448,644,738,1008,1205,1225,1272,1326,1886,1931,2368,2442,2520,2998,3113,3121,3197,3261,3406,3488,3525,3560,3607,3829,4373,4649,4651,4668,4707,4838,4983,4996,5151,5240,5258,5449,5624,5680,5704,5926,5991,6029,6034,6073,6104,6140,6242,6748,6790,6872,6958,7097,7372,7805,7988,8156,8169,8233,8269,8301,8376,8524,8774,8858,8867,9152,9187,9357,9419,9422,9525,9918}[76]
 Seed set using ADVANCED pagerank: {154,175,232,445,448,644,738,1008,1205,1225,1272,1326,1886,1931,2368,2442,2520,2998,3197,3261,3406,3488,3525,3560,3607,3829,4373,4651,4668,4707,4838,4983,4996,5151,5162,5240,5258,5449,5529,5624,5680,5704,5904,5926,5991,6029,6034,6073,6104,6140,6242,6872,6958,7097,7372,7805,7988,8156,8169,8233,8269,8301,8376,8524,8858,8867,8910,9104,9152,9187,9357,9419,9422,9525,9918}[75]
 Seed set using ADVANCED CELF: {154,175,232,445,448,644,738,1008,1225,1272,1886,1931,2368,2442,2520,2998,3121,3197,3261,3406,3488,3525,3560,3607,3829,4373,4649,4651,4668,4707,4838,4983,4996,5162,5240,5449,5529,5624,5704,5904,5926,5991,6029,6034,6104,6140,6174,6872,6958,7097,7323,7372,7805,7921,7988,8156,8169,8269,8301,8376,8524,8774,8858,8867,8910,9104,9152,9187,9215,9357,9419,9422,9525,9918,10268,10270}[76]
Active participant size = 10
Mean overlap ratio = 0.1835
	k = 10
		seed quality of DEGREE = 156.966 mean time = 6.23333e-05
		seed quality of PAGERANK = 156.582 mean time = 0.179455
		seed quality of CELF = 180.049 mean time = 2061.75
		seed quality of DEGREE_ADVANCED = 256.868 mean time = 0.00139233
		seed quality of PAGERANK_ADVANCED = 255.502 mean time = 0.180781
		seed quality of CELF_ADVANCED = 268.753 mean time = 26543.8
