active participant: {537,1552,3182,6172,7976}[5]
Working on A_size = 5, round = 1, k = 1
 Seed set using degree: {1571,4838,4983,4996}[4]
 Seed set using pagerank: {175,644,1571,4983}[4]
 Seed set using CELF: {1463,3560,8269,8928}[4]
 Seed set using ADVANCED degree: {175,1571,4838,4983,4996}[5]
 Seed set using ADVANCED pagerank: {175,644,1571,4838,4983}[5]
 Seed set using ADVANCED CELF: {1463,3560,8269,8858,8928}[5]
Working on A_size = 5, round = 1, k = 2
 Seed set using degree: {175,644,1571,4838,4983,4996,6790,8269}[8]
 Seed set using pagerank: {175,644,1571,4838,4983,4996,6790,8269}[8]
 Seed set using CELF: {644,1008,1463,1571,3560,5449,8269,8858,8928}[9]
 Seed set using ADVANCED degree: {175,644,1571,4373,4838,4983,4996,6790,8156,8269}[10]
 Seed set using ADVANCED pagerank: {175,445,644,1571,4838,4983,4996,6790,8156,8269}[10]
 Seed set using ADVANCED CELF: {644,1008,1463,1571,3560,8269,8858,8928,9187,9918}[10]
Working on A_size = 5, round = 1, k = 5
 Seed set using degree: {175,342,445,644,666,1008,1225,1571,2520,4373,4838,4983,4996,6548,6790,8156,8269,8928}[18]
 Seed set using pagerank: {175,232,342,445,644,1008,1571,4373,4838,4983,4996,6548,6790,8156,8269,8858,8928,9918}[18]
 Seed set using CELF: {232,342,644,738,1008,1463,1571,3560,4651,4983,5449,6548,6790,8156,8269,8858,8928,9187,9918}[19]
 Seed set using ADVANCED degree: {175,232,342,445,644,666,738,1008,1225,1571,2520,4373,4838,4983,4996,6548,6790,7097,8156,8269,8858,8928,9918}[23]
 Seed set using ADVANCED pagerank: {175,232,342,445,644,738,1008,1225,1571,2520,3560,4373,4838,4983,4996,6548,6790,7097,8156,8269,8858,8928,9918}[23]
 Seed set using ADVANCED CELF: {175,232,448,644,738,1008,1463,1571,3338,3560,4651,4983,5449,6548,6790,6954,8156,8269,8858,8928,9187,9918}[22]
active participant: {1013,6060,7714,7871,10165}[5]
Working on A_size = 5, round = 2, k = 1
 Seed set using degree: {175,7111,8156,8858}[4]
 Seed set using pagerank: {175,7111,8156,8858}[4]
 Seed set using CELF: {4651,7111,8858,8910,10012}[5]
 Seed set using ADVANCED degree: {175,4373,7111,8156,8858}[5]
 Seed set using ADVANCED pagerank: {175,4373,7111,8156,8858}[5]
 Seed set using ADVANCED CELF: {4651,7111,8858,8910,10012}[5]
Working on A_size = 5, round = 2, k = 2
 Seed set using degree: {175,3406,4373,4996,7111,8156,8858}[7]
 Seed set using pagerank: {175,3406,4373,4996,7111,8156,8858}[7]
 Seed set using CELF: {738,4651,6121,7111,8156,8269,8858,8910,10012}[9]
 Seed set using ADVANCED degree: {175,738,3406,4373,4651,4996,7111,8156,8858}[9]
 Seed set using ADVANCED pagerank: {175,738,3406,4373,4996,6121,7111,8156,8858}[9]
 Seed set using ADVANCED CELF: {175,738,6121,7111,8156,8269,8858,8910,10012}[9]
Working on A_size = 5, round = 2, k = 5
 Seed set using degree: {175,738,1875,2442,2520,3406,4373,4651,4983,4996,6121,6958,7111,8156,8858,9718,10177}[17]
 Seed set using pagerank: {175,738,1875,2520,3406,4373,4651,4996,6121,6958,7111,7805,8156,8858,8910,9718,10177}[17]
 Seed set using CELF: {175,738,2520,3406,3606,4373,4651,4996,6121,6958,7111,8156,8269,8858,8910,9187,9718,9918,10012,10177}[20]
 Seed set using ADVANCED degree: {175,738,1875,2442,2520,3406,4373,4651,4983,4996,6121,6958,7097,7111,7805,8156,8858,8867,9718,10177}[20]
 Seed set using ADVANCED pagerank: {175,738,1875,2442,2520,3406,4373,4651,4983,4996,6121,6958,7111,7805,8156,8858,8867,8910,9718,10177}[20]
 Seed set using ADVANCED CELF: {175,738,1345,2520,3406,3606,4373,4651,4996,6121,6958,7111,8156,8269,8858,8910,9187,9718,9918,10012,10177}[21]
active participant: {767,3842,5425,7807,8107}[5]
Working on A_size = 5, round = 3, k = 1
 Seed set using degree: {4373,4838,4983}[3]
 Seed set using pagerank: {175,644,4373,4838}[4]
 Seed set using CELF: {644,1931,7111,8094,8269}[5]
 Seed set using ADVANCED degree: {175,445,4373,4838,4983}[5]
 Seed set using ADVANCED pagerank: {175,644,4373,4838,8156}[5]
 Seed set using ADVANCED CELF: {644,1931,7111,8094,8269}[5]
Working on A_size = 5, round = 3, k = 2
 Seed set using degree: {175,445,644,4373,4838,4983,8156}[7]
 Seed set using pagerank: {175,445,644,3197,4373,4838,8156}[7]
 Seed set using CELF: {644,1931,3560,5449,7111,8094,8156,8269}[8]
 Seed set using ADVANCED degree: {175,445,644,738,3560,4373,4838,4983,8156,8269}[10]
 Seed set using ADVANCED pagerank: {175,445,644,738,3197,4373,4838,6958,8156,8269}[10]
 Seed set using ADVANCED CELF: {175,644,1931,3560,5449,7111,8094,8156,8269,8858}[10]
Working on A_size = 5, round = 3, k = 5
 Seed set using degree: {175,445,644,738,1225,2520,3197,3261,3560,4373,4403,4651,4838,4983,6917,6958,8156,8269}[18]
 Seed set using pagerank: {175,445,644,738,2520,3197,3261,3560,4373,4651,4838,4983,5449,6917,6958,8156,8269}[17]
 Seed set using CELF: {175,445,644,738,1931,2520,3197,3560,3829,4373,4651,4838,5449,6917,6958,7111,8094,8156,8269,8858,9187}[21]
 Seed set using ADVANCED degree: {175,445,644,738,1008,1225,1931,2520,3197,3261,3560,4373,4403,4651,4668,4838,4983,5449,6917,6958,8094,8156,8269,8858}[24]
 Seed set using ADVANCED pagerank: {175,445,644,738,1225,1326,1931,2520,3197,3261,3560,4373,4403,4651,4668,4838,4983,5449,6917,6958,7805,8094,8156,8269,8858}[25]
 Seed set using ADVANCED CELF: {175,445,644,738,1008,1931,2520,3197,3261,3560,3829,4373,4651,4838,4983,5449,6917,6958,7111,8094,8156,8269,8858,9187}[24]
Active participant size = 5
Mean overlap ratio = 0.0638427
	k = 1
		seed quality of DEGREE = 13.7528 mean time = 2.93333e-05
		seed quality of PAGERANK = 15.84 mean time = 0.173999
		seed quality of CELF = 23.8934 mean time = 0.000111333
		seed quality of DEGREE_ADVANCED = 18.8363 mean time = 0.000688667
		seed quality of PAGERANK_ADVANCED = 19.7188 mean time = 0.174575
		seed quality of CELF_ADVANCED = 25.4272 mean time = 39.1388
	k = 2
		seed quality of DEGREE = 27.505 mean time = 4.33333e-05
		seed quality of PAGERANK = 27.7159 mean time = 0.174226
		seed quality of CELF = 40.0877 mean time = 30.7017
		seed quality of DEGREE_ADVANCED = 37.0268 mean time = 0.000672667
		seed quality of PAGERANK_ADVANCED = 36.9277 mean time = 0.174469
		seed quality of CELF_ADVANCED = 44.1484 mean time = 200.244
	k = 5
		seed quality of DEGREE = 61.8692 mean time = 4.83333e-05
		seed quality of PAGERANK = 62.9258 mean time = 0.174168
		seed quality of CELF = 79.5331 mean time = 202.929
		seed quality of DEGREE_ADVANCED = 82.4289 mean time = 0.000672
		seed quality of PAGERANK_ADVANCED = 84.2156 mean time = 0.174511
		seed quality of CELF_ADVANCED = 87.7973 mean time = 1343.48
active participant: {17,958,3834,4062,4386,5664,5792,6481,7230,7986}[10]
Working on A_size = 10, round = 1, k = 1
 Seed set using degree: {2368,3197,3560,4373,4838}[5]
 Seed set using pagerank: {175,2368,3197,3560,4373,4838}[6]
 Seed set using CELF: {2368,3197,3560,8094,8269,8858,8910}[7]
 Seed set using ADVANCED degree: {175,445,1225,2368,3197,3560,4373,4838,8094,8156}[10]
 Seed set using ADVANCED pagerank: {175,445,448,1225,2368,3197,3560,4373,4838,9918}[10]
 Seed set using ADVANCED CELF: {448,2368,3197,3560,5449,8094,8269,8858,8910,9187}[10]
Working on A_size = 10, round = 1, k = 2
 Seed set using degree: {175,445,448,1225,2368,3197,3560,4373,4838,8094,8233,8867}[12]
 Seed set using pagerank: {175,448,1225,2368,3197,3560,4373,4838,8094,8233,8867}[11]
 Seed set using CELF: {448,2368,3197,3560,4804,5449,8094,8269,8858,8867,8910,9187,9918}[13]
 Seed set using ADVANCED degree: {175,445,448,1225,2368,2520,3197,3338,3406,3488,3560,3898,4373,4838,4983,7988,8094,8156,8233,8867}[20]
 Seed set using ADVANCED pagerank: {175,445,448,1225,2368,3197,3560,3898,4373,4651,4838,4983,7988,8094,8156,8233,8269,8858,8867,9918}[20]
 Seed set using ADVANCED CELF: {175,448,2368,3197,3488,3560,3898,4373,4651,4804,5449,6958,8094,8156,8269,8858,8867,8910,9187,9918}[20]
Working on A_size = 10, round = 1, k = 5
 Seed set using degree: {175,445,448,738,1225,1744,2368,2520,3197,3338,3406,3488,3560,3857,3898,4034,4373,4435,4651,4804,4838,4983,5746,7719,7988,8094,8156,8233,8269,8858,8867,9918}[32]
 Seed set using pagerank: {175,445,448,738,1225,1744,2368,2520,3197,3338,3406,3488,3560,3898,4034,4373,4435,4651,4804,4838,4983,5746,7719,7988,8094,8156,8233,8269,8858,8867,8910,9918}[32]
 Seed set using CELF: {175,448,738,1744,2091,2368,3197,3338,3488,3560,3898,4034,4373,4435,4651,4804,4838,5449,5746,6958,7719,8094,8156,8233,8269,8858,8867,8910,9187,9918}[30]
 Seed set using ADVANCED degree: {175,260,445,448,646,738,1225,1744,2368,2520,3197,3338,3406,3488,3525,3560,3857,3898,4034,4373,4435,4651,4668,4707,4804,4838,4983,5449,5746,6958,7097,7372,7719,7988,8094,8156,8233,8269,8337,8858,8867,9525,9918}[43]
 Seed set using ADVANCED pagerank: {175,445,448,738,1225,1510,1744,2368,2520,3197,3338,3406,3488,3525,3560,3857,3898,4034,4373,4435,4651,4707,4804,4838,4983,5255,5449,5624,5746,6391,6958,7097,7372,7719,7988,8094,8156,8233,8269,8858,8867,8910,9187,9525,9918}[45]
 Seed set using ADVANCED CELF: {175,260,445,448,646,738,1225,2091,2368,3197,3338,3488,3525,3560,3857,3898,4034,4373,4435,4651,4804,4838,4983,5240,5255,5449,5746,5885,5998,6958,7719,7988,8094,8156,8233,8269,8337,8858,8867,8910,9187,9918,9996}[43]
active participant: {370,1270,1503,2200,3965,4748,4856,6731,8776,10082}[10]
Working on A_size = 10, round = 2, k = 1
 Seed set using degree: {175,644,3197,3560,4838,4996,7097}[7]
 Seed set using pagerank: {175,644,3197,3560,4838,4996,7097}[7]
 Seed set using CELF: {644,738,1931,3197,3560,6140,8094,10012}[8]
 Seed set using ADVANCED degree: {175,644,666,2998,3197,3560,4838,4996,7097,8156}[10]
 Seed set using ADVANCED pagerank: {175,644,666,3197,3560,4373,4838,4996,7097,8858}[10]
 Seed set using ADVANCED CELF: {232,644,738,1931,3197,3560,6140,8094,8269,10012}[10]
Working on A_size = 10, round = 2, k = 2
 Seed set using degree: {175,232,644,666,1931,2998,3197,3560,4373,4838,4996,7097,8156,8858}[14]
 Seed set using pagerank: {175,232,644,666,1931,2998,3197,3560,4373,4838,4996,7097,8156,8858}[14]
 Seed set using CELF: {232,644,738,1931,2998,3197,3560,4996,6140,8094,8269,8858,9422,10012}[14]
 Seed set using ADVANCED degree: {175,232,644,666,738,1931,2998,3197,3560,4373,4838,4983,4996,5366,6831,7097,8156,8858,10139}[19]
 Seed set using ADVANCED pagerank: {175,232,644,666,738,1931,2357,2998,3197,3560,3607,4373,4838,4983,4996,5366,7097,7805,8156,8858}[20]
 Seed set using ADVANCED CELF: {175,232,644,738,1931,2998,3197,3338,3560,3606,4373,4996,5366,6140,8094,8156,8269,8858,9422,10012}[20]
Working on A_size = 10, round = 2, k = 5
 Seed set using degree: {175,232,448,644,666,738,749,1135,1225,1821,1931,2357,2368,2795,2998,3197,3338,3560,3606,3607,4373,4838,4983,4996,5366,5704,6831,7097,7805,8156,8858,10139}[32]
 Seed set using pagerank: {175,232,448,644,666,738,1135,1225,1821,1931,2357,2368,2795,2998,3197,3338,3560,3606,3607,4373,4838,4983,4996,5366,5704,6831,7097,7805,8156,8858,9422,10139}[32]
 Seed set using CELF: {175,232,448,644,666,738,1008,1045,1135,1931,2357,2368,2795,2998,3197,3338,3560,3606,3607,4373,4651,4996,5366,6140,6831,7097,8094,8156,8269,8858,9187,9422,10012,10139}[34]
 Seed set using ADVANCED degree: {175,232,403,448,644,666,738,749,1135,1225,1298,1821,1931,2357,2368,2520,2785,2795,2998,3197,3338,3560,3606,3607,3776,4373,4668,4707,4838,4983,4996,5366,5704,6831,7097,7805,8156,8269,8524,8858,9187,9422,9525,10139}[44]
 Seed set using ADVANCED pagerank: {175,232,403,448,644,666,738,1135,1225,1821,1931,2357,2368,2795,2998,3197,3338,3560,3606,3607,4373,4651,4707,4838,4983,4996,5366,5704,6140,6831,7097,7372,7805,8156,8269,8524,8858,9187,9422,9525,9996,10139}[42]
 Seed set using ADVANCED CELF: {175,232,403,448,644,666,738,866,1008,1045,1135,1225,1298,1931,2357,2368,2520,2795,2860,2998,3197,3338,3560,3606,3607,3776,4373,4651,4838,4996,5366,6029,6140,6831,7097,7805,8094,8156,8269,8858,9187,9422,10012,10139}[44]
active participant: {874,1293,2029,3131,3209,4065,7406,7759,9567,10144}[10]
Working on A_size = 10, round = 3, k = 1
 Seed set using degree: {175,445,738,4373,4838,4983,4996,8156}[8]
 Seed set using pagerank: {175,445,644,738,4373,4838,4983,8156}[8]
 Seed set using CELF: {644,1931,3338,8269,8910,9187,9918,10012}[8]
 Seed set using ADVANCED degree: {175,445,644,738,2520,4373,4838,4983,4996,8156}[10]
 Seed set using ADVANCED pagerank: {175,445,644,738,2520,4373,4838,4983,4996,8156}[10]
 Seed set using ADVANCED CELF: {232,445,644,666,1931,8269,8910,9187,9918,10012}[10]
Working on A_size = 10, round = 3, k = 2
 Seed set using degree: {175,445,448,644,666,738,3338,4373,4838,4983,4996,7097,7805,8156}[14]
 Seed set using pagerank: {175,445,448,644,666,738,3338,4373,4838,4983,4996,7805,8156}[13]
 Seed set using CELF: {232,445,448,644,666,1931,3338,4373,4671,8156,8269,8858,8910,9187,9918,10012}[16]
 Seed set using ADVANCED degree: {175,445,448,644,666,738,3197,3338,4373,4490,4668,4838,4983,4996,7097,7372,7805,8156,8269,8858}[20]
 Seed set using ADVANCED pagerank: {175,232,445,448,644,666,738,3055,3197,3261,3338,4373,4490,4838,4983,4996,7805,8156,9187,9918}[20]
 Seed set using ADVANCED CELF: {232,445,448,644,666,738,1931,3338,3560,4373,4671,5449,6072,8156,8269,8858,8910,9187,9918,10012}[20]
Working on A_size = 10, round = 3, k = 5
 Seed set using degree: {127,175,445,448,644,666,738,2520,2860,3055,3197,3338,4373,4490,4668,4838,4983,4996,5905,6085,6831,6872,7097,7372,7805,8156,8269,8858,9187,9525,9843,9918}[32]
 Seed set using pagerank: {127,175,232,445,448,644,666,738,2520,2860,3055,3197,3338,4373,4490,4668,4838,4983,4996,5905,6085,6831,6872,7097,7372,7805,8156,8269,8858,9187,9843,9918}[32]
 Seed set using CELF: {175,232,445,448,644,666,738,866,1931,2520,2860,3197,3338,3560,3606,4373,4490,4668,4671,4983,4996,5255,5449,6072,6085,6140,6831,7097,7372,7805,8121,8156,8269,8858,8910,9187,9422,9793,9918,10012}[40]
 Seed set using ADVANCED degree: {127,175,232,445,448,586,644,666,738,791,866,2520,2860,3055,3197,3257,3261,3338,3525,3560,3784,4373,4490,4668,4838,4842,4983,4996,5255,5258,5905,6072,6085,6104,6831,6872,7097,7304,7372,7538,7805,8156,8233,8269,8386,8858,9187,9525,9843,9918}[50]
 Seed set using ADVANCED pagerank: {127,175,232,445,448,586,644,666,738,791,1931,2240,2520,2860,3055,3197,3261,3338,3406,3525,3560,3606,3784,4373,4490,4668,4838,4842,4983,4996,5255,5258,5905,6072,6085,6273,6831,6872,7097,7372,7805,8156,8233,8269,8386,8858,9187,9525,9843,9918}[50]
 Seed set using ADVANCED CELF: {127,175,232,445,448,644,666,738,791,866,1931,2520,2860,3197,3257,3338,3560,3606,4373,4490,4621,4668,4671,4838,4983,4996,5255,5449,5905,6072,6085,6140,6831,6872,6885,7097,7372,7805,8121,8156,8269,8858,8910,9187,9422,9793,9843,9918,10012,10296}[50]
Active participant size = 10
Mean overlap ratio = 0.136511
	k = 1
		seed quality of DEGREE = 25.3698 mean time = 2.8e-05
		seed quality of PAGERANK = 27.0144 mean time = 0.173675
		seed quality of CELF = 38.5606 mean time = 0.000183667
		seed quality of DEGREE_ADVANCED = 38.8269 mean time = 0.000637333
		seed quality of PAGERANK_ADVANCED = 38.564 mean time = 0.174591
		seed quality of CELF_ADVANCED = 48.2142 mean time = 175.283
	k = 2
		seed quality of DEGREE = 53.2724 mean time = 3.53333e-05
		seed quality of PAGERANK = 50.9307 mean time = 0.174001
		seed quality of CELF = 65.6588 mean time = 75.5845
		seed quality of DEGREE_ADVANCED = 73.3268 mean time = 0.000638333
		seed quality of PAGERANK_ADVANCED = 76.1041 mean time = 0.174693
		seed quality of CELF_ADVANCED = 85.8524 mean time = 930.701
	k = 5
		seed quality of DEGREE = 110.625 mean time = 4.93333e-05
		seed quality of PAGERANK = 113.107 mean time = 0.17426
		seed quality of CELF = 131.92 mean time = 440.889
		seed quality of DEGREE_ADVANCED = 150.115 mean time = 0.000656
		seed quality of PAGERANK_ADVANCED = 157.136 mean time = 0.174656
		seed quality of CELF_ADVANCED = 163.846 mean time = 7086
