active participant: {7032,7336}
Working on A_size = 2, round = 1, k = 20
 Seed set using degree: {175,393,448,552,666,1008,1041,1704,1875,3095,3261,3499,3560,4021,4263,4651,4983,5258,6072,6958,7111,7988,8156,9918}
 Seed set using pagerank: {175,393,448,552,666,1008,1041,1704,1875,3095,3261,3499,3560,4021,4263,4651,4983,5258,6072,6958,7111,7988,8156,9918}
 Seed set using CELF: {175,393,448,552,666,1008,1041,1704,1875,3095,3261,3499,3560,4021,4263,4651,4983,5258,6072,6958,7111,7988,8156,9918}
 Seed set using ADVANCED degree: {175,8156,4983,666,3560,9918,448,3261,4651,6958,7988,5258,1008,393,1875,6072,1704,3499,7111,4263,4021,1041,3095,552,8416}
 Seed set using ADVANCED pagerank: {175,8156,4983,3560,9918,666,448,4651,6958,3261,1008,7988,393,5258,1875,6072,7111,1704,3499,4263,4021,1041,3095,552,8416}
 Seed set using ADVANCED CELF: {7111,3560,9918,8156,175,4651,448,1008,6958,666,6072,4983,7988,3261,393,1875,3499,5258,4263,1704,4021,1041,3095,8416,552}
*************
Size 2 DONE!
*************
Active participant size = 2
Mean overlap ratio = 0.2
	k = 20
		seed quality of DEGREE = 74.4578 mean time = 0
		seed quality of PAGERANK = 74.4606 mean time = 0.094
		seed quality of CELF = 74.3554 mean time = 562.5
		seed quality of DEGREE_ADVANCED = 75.7694 mean time = 0
		seed quality of PAGERANK_ADVANCED = 75.6781 mean time = 0.109
		seed quality of CELF_ADVANCED = 75.7592 mean time = 914.016

进程已结束，退出代码为 0
