active participant: {3094} 
Working on A_size = 1, round = 1, k = 20
 Seed set using degree: {175,232,448,738,963,1886,2091,2240,2442,2520,2785,2799,2802,3560,3857,3907,4373,4495,4838,9918} 
 Seed set using pagerank: {175,232,448,738,990,1886,2091,2240,2442,2520,2785,2799,2802,3560,3857,3907,4373,4495,4838,9918} 
 Seed set using CELF: {175,232,448,738,990,1886,2091,2240,2442,2520,2785,2802,3560,3857,3907,4373,4495,4838,6024,9918} 
 Seed set using ADVANCED degree: {175,232,448,738,963,1886,2091,2240,2442,2520,2785,2799,2802,3560,3857,3907,4373,4495,4838,9918} 
 Seed set using ADVANCED pagerank: {175,232,448,738,990,1886,2091,2240,2442,2520,2785,2799,2802,3560,3857,3907,4373,4495,4838,9918} 
 Seed set using ADVANCED CELF: {175,232,448,738,990,1886,2091,2240,2442,2520,2785,2802,3560,3857,3907,4373,4495,4838,6024,9918} 
active participant: {10099} 
Working on A_size = 1, round = 2, k = 20
 Seed set using degree: {555,738,1225,1326,1724,3406,3819,4373,4848,5680,7805,7988,8735,8774,8858,8867,8978,9310,9419,9996} 
 Seed set using pagerank: {555,738,1225,1326,1724,3406,3819,4373,5680,7805,7988,8735,8774,8858,8867,8978,9310,9419,9996,10142} 
 Seed set using CELF: {738,1225,1326,3406,3819,4373,5680,7805,7988,8735,8774,8858,8867,8978,9310,9419,9814,9871,9996,10142} 
 Seed set using ADVANCED degree: {555,738,1225,1326,1724,3406,3819,4373,4848,5680,7805,7988,8735,8774,8858,8867,8978,9310,9419,9996} 
 Seed set using ADVANCED pagerank: {555,738,1225,1326,1724,3406,3819,4373,5680,7805,7988,8735,8774,8858,8867,8978,9310,9419,9996,10142} 
 Seed set using ADVANCED CELF: {738,1225,1326,1724,3406,4373,5680,7805,7988,8735,8774,8858,8867,8978,9310,9419,9814,9871,9996,10142} 
active participant: {1840} 
Working on A_size = 1, round = 3, k = 20
 Seed set using degree: {232,445,644,2621,5680} 
 Seed set using pagerank: {232,445,644,2621,5680} 
 Seed set using CELF: {232,445,644,2621,5680} 
 Seed set using ADVANCED degree: {232,445,644,2621,5680} 
 Seed set using ADVANCED pagerank: {232,445,644,2621,5680} 
 Seed set using ADVANCED CELF: {232,445,644,2621,5680} 
Active participant size = 1
Mean overlap ratio = 0
	k = 20
		seed quality of DEGREE = 48.6821 mean time = 3.43333e-05
		seed quality of PAGERANK = 49.6241 mean time = 0.177453
		seed quality of CELF = 50.006 mean time = 728.135
		seed quality of DEGREE_ADVANCED = 48.6846 mean time = 0.000135667
		seed quality of PAGERANK_ADVANCED = 49.5745 mean time = 0.177129
		seed quality of CELF_ADVANCED = 49.9466 mean time = 705.465
active participant: {2632,3094} 
Working on A_size = 2, round = 1, k = 20
 Seed set using degree: {175,232,445,448,644,666,738,963,1225,1886,2091,2240,2442,2520,2785,2799,2802,3197,3261,3406,3560,3857,3907,4373,4495,4838,4983,4996,7372,7805,8156,9918} 
 Seed set using pagerank: {175,232,445,448,644,666,738,990,1225,1886,2091,2240,2442,2520,2785,2799,2802,3197,3406,3560,3857,3907,4373,4495,4651,4838,4983,4996,7805,8156,8269,9918} 
 Seed set using CELF: {175,232,448,644,738,990,1008,1225,1886,1931,2091,2240,2442,2520,2785,2802,3197,3338,3560,3857,3907,4373,4495,4651,4838,4996,6024,6752,7805,8156,8269,8910,9918,10012} 
 Seed set using ADVANCED degree: {175,232,445,448,644,666,738,963,990,1225,1886,2091,2240,2442,2520,2785,2799,2802,2831,3197,3261,3406,3560,3857,3907,4373,4414,4495,4651,4668,4707,4838,4983,4996,7372,7805,8156,8269,9525,9918} 
 Seed set using ADVANCED pagerank: {175,232,445,448,644,666,738,963,990,1225,1886,1931,2091,2240,2442,2520,2785,2799,2802,2831,3197,3261,3406,3525,3560,3857,3907,4373,4414,4495,4651,4838,4983,4996,7372,7805,8156,8269,9525,9918} 
 Seed set using ADVANCED CELF: {175,232,445,448,644,666,738,990,1008,1225,1886,1931,2091,2240,2442,2520,2785,2799,2802,2831,3197,3212,3338,3353,3560,3857,3907,4373,4495,4651,4838,4996,6024,6752,7805,8156,8269,8910,9918,10012} 
active participant: {8440,10099} 
Working on A_size = 2, round = 2, k = 20
 Seed set using degree: {175,445,555,644,738,1225,1326,1724,3406,3819,4373,4651,4707,4838,4848,4983,5624,5680,7097,7372,7805,7988,8301,8524,8735,8774,8858,8867,8978,9187,9310,9357,9419,9525,9996} 
 Seed set using pagerank: {175,445,555,644,738,1225,1326,1724,1931,3406,3819,4373,4651,4707,4838,4983,5624,5680,7097,7372,7805,7988,8735,8774,8858,8867,8978,9187,9310,9357,9419,9525,9996,10142} 
 Seed set using CELF: {175,445,644,738,1225,1326,1931,3406,3819,4373,4651,4838,4983,5049,5240,5680,7097,7111,7236,7805,7988,8735,8774,8858,8867,8978,9187,9310,9419,9464,9814,9871,9996,10142,10270} 
 Seed set using ADVANCED degree: {175,374,445,555,644,738,1225,1326,1724,3406,3819,4373,4651,4707,4838,4848,4983,5240,5624,5680,7097,7372,7805,7988,8233,8301,8524,8735,8774,8852,8858,8867,8978,9187,9310,9357,9419,9525,9996,10142} 
 Seed set using ADVANCED pagerank: {175,445,555,644,738,1225,1326,1724,1931,3406,3819,4373,4651,4707,4838,4848,4983,5240,5624,5680,7097,7372,7805,7988,8233,8301,8524,8735,8774,8858,8867,8978,9187,9310,9357,9419,9525,9871,9996,10142} 
 Seed set using ADVANCED CELF: {175,374,445,644,738,1225,1326,1724,1931,3406,3819,4373,4651,4804,4838,4983,5049,5240,5680,7097,7111,7805,7988,8301,8735,8774,8852,8858,8867,8978,9187,9310,9419,9464,9690,9814,9871,9996,10142,10270} 
active participant: {1840,2378} 
Working on A_size = 2, round = 3, k = 20
 Seed set using degree: {175,232,445,448,644,666,1225,2520,2621,3197,3261,3525,3560,4373,4668,4838,4983,4996,5680,5704,7097,8156,9918} 
 Seed set using pagerank: {175,232,445,448,644,666,1225,2520,2621,3197,3261,3525,3560,4373,4668,4838,4983,4996,5680,5704,7097,8156,9918} 
 Seed set using CELF: {175,232,445,448,644,666,1225,1442,1886,2520,2621,2860,3197,3525,3560,3857,4373,4838,4983,4996,5680,7097,8156,9918} 
 Seed set using ADVANCED degree: {175,232,445,448,644,666,1225,2520,2621,3197,3261,3525,3560,4373,4668,4838,4983,4996,5680,5704,6872,7097,8156,9918} 
 Seed set using ADVANCED pagerank: {175,232,445,448,644,666,1225,2520,2621,3197,3261,3525,3560,4373,4668,4838,4983,4996,5680,5704,6872,7097,8156,9918} 
 Seed set using ADVANCED CELF: {175,232,445,448,644,666,1225,1442,1886,2357,2520,2621,2860,3197,3525,3560,3857,4373,4838,4983,4996,5680,7097,8156,9918} 
Active participant size = 2
Mean overlap ratio = 0.0220006
	k = 20
		seed quality of DEGREE = 101.396 mean time = 6.3e-05
		seed quality of PAGERANK = 104.593 mean time = 0.184082
		seed quality of CELF = 114.89 mean time = 2290.52
		seed quality of DEGREE_ADVANCED = 114.246 mean time = 0.00116567
		seed quality of PAGERANK_ADVANCED = 120.024 mean time = 0.20075
		seed quality of CELF_ADVANCED = 124.337 mean time = 4730.15
